{"name": "test_model_status", "status": "failed", "statusDetails": {"message": "AssertionError: assert 10000 == 200", "trace": "self = <test_home.TestHome object at 0x110d6a7f0>\n\n    @allure.story('首页 状态')  # story定义用户场景\n    @allure.severity(allure.severity_level.NORMAL)\n    def test_model_status(self):\n        home_message = self.home.home_status()\n>       assert home_message['code'] == 200\nE       assert 10000 == 200\n\ntest_home.py:21: AssertionError"}, "attachments": [{"name": "stdout", "source": "7b06876d-297b-4e3f-a751-8f41a709b2f6-attachment.txt", "type": "text/plain"}], "start": 1606289479775, "stop": 1606289479885, "uuid": "81af8fb5-c645-4ce2-98d8-a5d074e316bb", "historyId": "ba118a9422c7e1e0c311a46cbb74d061", "testCaseId": "62a63c67c63df2396cbaaeda608092ca", "fullName": "test_home.TestHome#test_model_status", "labels": [{"name": "feature", "value": "首页"}, {"name": "severity", "value": "normal"}, {"name": "story", "value": "首页 状态"}, {"name": "suite", "value": "test_home"}, {"name": "subSuite", "value": "TestHome"}, {"name": "host", "value": "Jammy-MacBook-Pro.local"}, {"name": "thread", "value": "91389-MainThread"}, {"name": "framework", "value": "pytest"}, {"name": "language", "value": "cpython3"}, {"name": "package", "value": "test_home"}]}