{"name": "test_get_unread_number", "status": "failed", "statusDetails": {"message": "AssertionError: assert 10000 == 200", "trace": "self = <test_user.TestUser object at 0x10eafa1f0>\n\n    def test_get_unread_number(self):\n        message = self.user.get_unread_number()\n>       assert message['code'] == 200\nE       assert 10000 == 200\n\ntest_user.py:20: AssertionError"}, "attachments": [{"name": "stdout", "source": "2a1fbe15-4e54-4e26-a44c-16d3559a8a27-attachment.txt", "type": "text/plain"}], "start": 1606288927030, "stop": 1606288927113, "uuid": "38c4cb7c-83a1-45fc-be6c-4eb824d696d6", "historyId": "26e4510e7202bbfad60e71bd99e5fb29", "testCaseId": "15603437126b073ec847ab8a9245fd0b", "fullName": "test_user.TestUser#test_get_unread_number", "labels": [{"name": "suite", "value": "test_user"}, {"name": "subSuite", "value": "TestUser"}, {"name": "host", "value": "Jammy-MacBook-Pro.local"}, {"name": "thread", "value": "91017-MainThread"}, {"name": "framework", "value": "pytest"}, {"name": "language", "value": "cpython3"}, {"name": "package", "value": "test_user"}]}