{"name": "test_set_all_readr", "status": "failed", "statusDetails": {"message": "AssertionError: assert 10000 == 200", "trace": "self = <test_user.TestUser object at 0x10eb09100>\n\n    def test_set_all_readr(self):\n        message = self.user.set_all_read()\n>       assert message['code'] == 200\nE       assert 10000 == 200\n\ntest_user.py:35: AssertionError"}, "attachments": [{"name": "stdout", "source": "50ee21e9-04fe-4301-87e5-1597d209b117-attachment.txt", "type": "text/plain"}], "start": 1606288927287, "stop": 1606288927363, "uuid": "6819ca74-07b1-4d59-a358-f7c9a498c040", "historyId": "5f5b49054468b37a2f33aa3fc6e94af0", "testCaseId": "cf9672f1589b940afc4d0e5f9469e313", "fullName": "test_user.TestUser#test_set_all_readr", "labels": [{"name": "suite", "value": "test_user"}, {"name": "subSuite", "value": "TestUser"}, {"name": "host", "value": "Jammy-MacBook-Pro.local"}, {"name": "thread", "value": "91017-MainThread"}, {"name": "framework", "value": "pytest"}, {"name": "language", "value": "cpython3"}, {"name": "package", "value": "test_user"}]}