{"name": "test_model_status", "status": "failed", "statusDetails": {"message": "AssertionError: assert 10000 == 200", "trace": "self = <testcase.test_home.TestHome object at 0x1082f33a0>\n\n    @allure.story('首页 状态')  # story定义用户场景\n    @allure.severity(allure.severity_level.NORMAL)\n    def test_model_status(self):\n        home_message = self.home.home_status()\n>       assert home_message['code'] == 200\nE       assert 10000 == 200\n\ntest_home.py:25: AssertionError"}, "attachments": [{"name": "stdout", "source": "189e225d-c333-4cab-bb83-fd53e9b3e455-attachment.txt", "type": "text/plain"}], "start": 1607159583299, "stop": 1607159583386, "uuid": "4c6ace2e-12de-4439-b329-0adc8f5eaa91", "historyId": "ba118a9422c7e1e0c311a46cbb74d061", "testCaseId": "62a63c67c63df2396cbaaeda608092ca", "fullName": "test_home.TestHome#test_model_status", "labels": [{"name": "severity", "value": "normal"}, {"name": "story", "value": "首页 状态"}, {"name": "feature", "value": "首页"}, {"name": "suite", "value": "test_home"}, {"name": "subSuite", "value": "TestHome"}, {"name": "host", "value": "Jammy-MacBook-Pro.local"}, {"name": "thread", "value": "99872-MainThread"}, {"name": "framework", "value": "pytest"}, {"name": "language", "value": "cpython3"}, {"name": "package", "value": "test_home"}]}