{"name": "test_code", "status": "failed", "statusDetails": {"message": "AssertionError: assert 400 == 200", "trace": "self = <test_login.TestLogin object at 0x10eaf4cd0>\n\n    def test_code(self):\n        params = {\n            'cellphone':16896689007\n        }\n        login_message = self.login.get_code(params)\n>       assert login_message['code'] == 200\nE       assert 400 == 200\n\ntest_login.py:18: AssertionError"}, "attachments": [{"name": "stdout", "source": "df0130e1-7d24-476b-8a7a-107f0ba44a18-attachment.txt", "type": "text/plain"}], "start": 1606288926669, "stop": 1606288926742, "uuid": "a4bf5646-e1a3-41c6-810b-19fb5d9f9bb7", "historyId": "eb083c8f7d6a141b45c1e2b9f9cadc16", "testCaseId": "395ab480033c4721e37d67316df4ae24", "fullName": "test_login.TestLogin#test_code", "labels": [{"name": "suite", "value": "test_login"}, {"name": "subSuite", "value": "TestLogin"}, {"name": "host", "value": "Jammy-MacBook-Pro.local"}, {"name": "thread", "value": "91017-MainThread"}, {"name": "framework", "value": "pytest"}, {"name": "language", "value": "cpython3"}, {"name": "package", "value": "test_login"}]}